2017-02-14 20:29:02 o.m.log [INFO] Logging to Logger[org.mortbay.log] via org.mortbay.log.Slf4jLog
2017-02-14 20:29:02 o.m.log [INFO] jetty-6.1.26
2017-02-14 20:29:02 o.m.log [WARN] failed SocketConnector@0.0.0.0:8080: java.net.BindException: Address already in use
2017-02-14 20:29:02 o.m.log [WARN] failed Server@294bdeb4: java.net.BindException: Address already in use
2017-02-14 20:38:02 o.m.log [INFO] Logging to Logger[org.mortbay.log] via org.mortbay.log.Slf4jLog
2017-02-14 20:38:02 o.m.log [INFO] jetty-6.1.26
2017-02-14 20:38:02 o.m.log [WARN] failed SocketConnector@0.0.0.0:8080: java.net.BindException: Address already in use
2017-02-14 20:38:02 o.m.log [WARN] failed Server@294bdeb4: java.net.BindException: Address already in use
2017-02-14 21:19:37 o.m.log [INFO] Logging to Logger[org.mortbay.log] via org.mortbay.log.Slf4jLog
2017-02-14 21:19:37 o.m.log [INFO] jetty-6.1.26
2017-02-14 21:19:37 o.m.log [WARN] failed SocketConnector@0.0.0.0:8080: java.net.BindException: Address already in use
2017-02-14 21:19:37 o.m.log [WARN] failed Server@1f86099a: java.net.BindException: Address already in use
2017-02-14 21:23:40 o.m.log [INFO] Logging to Logger[org.mortbay.log] via org.mortbay.log.Slf4jLog
2017-02-14 21:23:40 o.m.log [INFO] jetty-6.1.26
2017-02-14 21:23:40 o.m.log [WARN] failed SocketConnector@0.0.0.0:8080: java.net.BindException: Address already in use
2017-02-14 21:23:40 o.m.log [WARN] failed Server@1f86099a: java.net.BindException: Address already in use
2017-02-14 21:30:01 o.m.log [INFO] Logging to Logger[org.mortbay.log] via org.mortbay.log.Slf4jLog
2017-02-14 21:30:01 o.m.log [INFO] jetty-6.1.26
2017-02-14 21:30:01 o.m.log [INFO] Started SocketConnector@0.0.0.0:8080
2017-02-14 21:30:27 b.s.thrift [INFO] Connecting to Nimbus at localhost:6627
2017-02-14 21:30:27 b.s.thrift [INFO] Connecting to Nimbus at localhost:6627
2017-02-14 21:30:27 b.s.thrift [INFO] Connecting to Nimbus at localhost:6627
2017-02-14 21:30:27 b.s.thrift [INFO] Connecting to Nimbus at localhost:6627
2017-02-14 21:51:43 b.s.thrift [INFO] Connecting to Nimbus at localhost:6627
2017-02-14 21:51:43 b.s.thrift [INFO] Connecting to Nimbus at localhost:6627
2017-02-14 21:51:43 b.s.thrift [INFO] Connecting to Nimbus at localhost:6627
2017-02-14 21:51:43 b.s.thrift [INFO] Connecting to Nimbus at localhost:6627
2017-02-14 22:04:04 b.s.thrift [INFO] Connecting to Nimbus at localhost:6627
2017-02-14 22:04:04 b.s.thrift [INFO] Connecting to Nimbus at localhost:6627
2017-02-14 22:04:04 b.s.thrift [INFO] Connecting to Nimbus at localhost:6627
2017-02-14 22:04:04 b.s.thrift [INFO] Connecting to Nimbus at localhost:6627
2017-02-14 22:04:38 b.s.thrift [INFO] Connecting to Nimbus at localhost:6627
2017-02-14 22:04:38 b.s.thrift [INFO] Connecting to Nimbus at localhost:6627
2017-02-14 22:04:38 b.s.thrift [INFO] Connecting to Nimbus at localhost:6627
2017-02-14 22:04:38 b.s.thrift [INFO] Connecting to Nimbus at localhost:6627
2017-02-14 22:04:41 b.s.thrift [INFO] Connecting to Nimbus at localhost:6627
2017-02-14 22:04:41 b.s.thrift [INFO] Connecting to Nimbus at localhost:6627
2017-02-14 22:04:41 b.s.thrift [INFO] Connecting to Nimbus at localhost:6627
2017-02-14 22:04:41 b.s.thrift [INFO] Connecting to Nimbus at localhost:6627
2017-02-14 22:04:43 b.s.thrift [INFO] Connecting to Nimbus at localhost:6627
2017-02-14 22:04:43 b.s.thrift [INFO] Connecting to Nimbus at localhost:6627
2017-02-14 22:04:43 b.s.thrift [INFO] Connecting to Nimbus at localhost:6627
2017-02-14 22:04:43 b.s.thrift [INFO] Connecting to Nimbus at localhost:6627
2017-02-14 22:05:38 b.s.thrift [INFO] Connecting to Nimbus at localhost:6627
2017-02-14 22:05:38 b.s.thrift [INFO] Connecting to Nimbus at localhost:6627
2017-02-14 22:05:38 b.s.thrift [INFO] Connecting to Nimbus at localhost:6627
2017-02-14 22:05:39 b.s.thrift [INFO] Connecting to Nimbus at localhost:6627
2017-02-14 22:05:41 b.s.thrift [INFO] Connecting to Nimbus at localhost:6627
2017-02-14 22:05:41 b.s.thrift [INFO] Connecting to Nimbus at localhost:6627
2017-02-14 22:05:41 b.s.thrift [INFO] Connecting to Nimbus at localhost:6627
2017-02-14 22:05:41 b.s.thrift [INFO] Connecting to Nimbus at localhost:6627
2017-02-14 22:05:44 b.s.thrift [INFO] Connecting to Nimbus at localhost:6627
2017-02-14 22:05:48 b.s.thrift [INFO] Connecting to Nimbus at localhost:6627
2017-02-14 22:05:59 b.s.thrift [INFO] Connecting to Nimbus at localhost:6627
2017-02-14 22:06:09 b.s.thrift [INFO] Connecting to Nimbus at localhost:6627
2017-02-14 22:06:19 b.s.thrift [INFO] Connecting to Nimbus at localhost:6627
2017-02-14 22:06:29 b.s.thrift [INFO] Connecting to Nimbus at localhost:6627
2017-02-14 22:06:39 b.s.thrift [INFO] Connecting to Nimbus at localhost:6627
2017-02-14 22:06:49 b.s.thrift [INFO] Connecting to Nimbus at localhost:6627
2017-02-14 22:07:00 b.s.thrift [INFO] Connecting to Nimbus at localhost:6627
2017-02-14 22:07:10 b.s.thrift [INFO] Connecting to Nimbus at localhost:6627
2017-02-14 22:07:21 b.s.thrift [INFO] Connecting to Nimbus at localhost:6627
2017-02-14 22:07:31 b.s.thrift [INFO] Connecting to Nimbus at localhost:6627
2017-02-14 22:07:42 b.s.thrift [INFO] Connecting to Nimbus at localhost:6627
2017-02-14 22:07:53 b.s.thrift [INFO] Connecting to Nimbus at localhost:6627
2017-02-14 22:08:04 b.s.thrift [INFO] Connecting to Nimbus at localhost:6627
2017-02-14 22:08:15 b.s.thrift [INFO] Connecting to Nimbus at localhost:6627
2017-02-14 22:08:26 b.s.thrift [INFO] Connecting to Nimbus at localhost:6627
2017-02-14 22:08:37 b.s.thrift [INFO] Connecting to Nimbus at localhost:6627
2017-02-14 22:08:48 b.s.thrift [INFO] Connecting to Nimbus at localhost:6627
2017-02-14 22:08:58 b.s.thrift [INFO] Connecting to Nimbus at localhost:6627
2017-02-14 22:09:09 b.s.thrift [INFO] Connecting to Nimbus at localhost:6627
2017-02-14 22:09:20 b.s.thrift [INFO] Connecting to Nimbus at localhost:6627
2017-02-14 22:09:31 b.s.thrift [INFO] Connecting to Nimbus at localhost:6627
2017-02-14 22:09:42 b.s.thrift [INFO] Connecting to Nimbus at localhost:6627
2017-02-14 22:09:53 b.s.thrift [INFO] Connecting to Nimbus at localhost:6627
2017-02-14 22:10:03 b.s.thrift [INFO] Connecting to Nimbus at localhost:6627
2017-02-14 22:10:14 b.s.thrift [INFO] Connecting to Nimbus at localhost:6627
2017-02-14 22:10:25 b.s.thrift [INFO] Connecting to Nimbus at localhost:6627
2017-02-14 22:10:36 b.s.thrift [INFO] Connecting to Nimbus at localhost:6627
2017-02-14 22:10:46 b.s.thrift [INFO] Connecting to Nimbus at localhost:6627
2017-02-14 22:10:56 b.s.thrift [INFO] Connecting to Nimbus at localhost:6627
2017-02-14 22:11:07 b.s.thrift [INFO] Connecting to Nimbus at localhost:6627
2017-02-14 22:11:18 b.s.thrift [INFO] Connecting to Nimbus at localhost:6627
2017-02-14 22:11:28 b.s.thrift [INFO] Connecting to Nimbus at localhost:6627
2017-02-14 22:11:39 b.s.thrift [INFO] Connecting to Nimbus at localhost:6627
2017-02-14 22:11:50 b.s.thrift [INFO] Connecting to Nimbus at localhost:6627
2017-02-14 22:12:00 b.s.thrift [INFO] Connecting to Nimbus at localhost:6627
2017-02-14 22:12:10 b.s.thrift [INFO] Connecting to Nimbus at localhost:6627
2017-02-14 22:12:21 b.s.thrift [INFO] Connecting to Nimbus at localhost:6627
2017-02-14 22:12:32 b.s.thrift [INFO] Connecting to Nimbus at localhost:6627
2017-02-14 22:12:42 b.s.thrift [INFO] Connecting to Nimbus at localhost:6627
2017-02-14 22:12:53 b.s.thrift [INFO] Connecting to Nimbus at localhost:6627
2017-02-14 22:13:04 b.s.thrift [INFO] Connecting to Nimbus at localhost:6627
2017-02-14 22:13:15 b.s.thrift [INFO] Connecting to Nimbus at localhost:6627
2017-02-14 22:13:19 b.s.thrift [INFO] Connecting to Nimbus at localhost:6627
2017-02-14 22:13:19 b.s.u.core [INFO] Deactivating topology 'production-topology-2'
2017-02-14 22:13:19 b.s.thrift [INFO] Connecting to Nimbus at localhost:6627
2017-02-14 22:13:20 b.s.thrift [INFO] Connecting to Nimbus at localhost:6627
2017-02-14 22:13:28 b.s.thrift [INFO] Connecting to Nimbus at localhost:6627
2017-02-14 22:13:28 b.s.thrift [INFO] Connecting to Nimbus at localhost:6627
2017-02-14 22:13:28 b.s.thrift [INFO] Connecting to Nimbus at localhost:6627
2017-02-14 22:13:28 b.s.thrift [INFO] Connecting to Nimbus at localhost:6627
2017-02-14 22:13:31 b.s.thrift [INFO] Connecting to Nimbus at localhost:6627
2017-02-14 22:13:32 b.s.thrift [INFO] Connecting to Nimbus at localhost:6627
2017-02-14 22:13:38 b.s.thrift [INFO] Connecting to Nimbus at localhost:6627
2017-02-14 22:13:38 b.s.u.core [INFO] Killing topology 'production-topology-1' with wait time: 30 secs
2017-02-14 22:13:38 b.s.thrift [INFO] Connecting to Nimbus at localhost:6627
2017-02-14 22:13:38 b.s.thrift [INFO] Connecting to Nimbus at localhost:6627
2017-02-14 22:13:42 b.s.thrift [INFO] Connecting to Nimbus at localhost:6627
2017-02-14 22:13:42 b.s.u.core [INFO] Killing topology 'production-topology-2' with wait time: 30 secs
2017-02-14 22:13:42 b.s.thrift [INFO] Connecting to Nimbus at localhost:6627
2017-02-14 22:13:43 b.s.thrift [INFO] Connecting to Nimbus at localhost:6627
2017-02-14 22:13:49 b.s.thrift [INFO] Connecting to Nimbus at localhost:6627
